<?xml version="1.0" encoding="UTF-8"?>
<!-- Generated by org.testng.reporters.JUnitXMLReporter -->
<testsuite hostname="UC202376-TPL-A" name="keyboard_Events" tests="2" failures="1" timestamp="19 Nov 2017 06:16:09 GMT" time="8.449" errors="0">
  <testcase name="openBrowser" time="6.329" classname="com.codebind.KeyboardEventsTest"/>
  <testcase name="enterValidUsername" time="2.097" classname="com.codebind.KeyboardEventsTest">
    <failure type="java.lang.Exception" message="Error message doesn&amp;apos;t have &amp;apos;reset&amp;apos; button">
      <![CDATA[java.lang.Exception: Error message doesn't have 'reset' button
	at com.codebind.KeyboardEventsTest.enterValidUsername(KeyboardEventsTest.java:63)
... Removed 24 stack frames]]>
    </failure>
  </testcase> <!-- enterValidUsername -->
</testsuite> <!-- keyboard_Events -->
