<?xml version="1.0" encoding="UTF-8"?>
<!-- Generated by org.testng.reporters.JUnitXMLReporter -->
<testsuite hostname="Dell-PC" ignored="0" name="keyboard_Events" tests="2" failures="1" timestamp="20 Nov 2017 08:54:48 GMT" time="11.428" errors="0">
  <testcase name="openBrowser" time="8.867" classname="com.codebind.KeyboardEventsTest"/>
  <testcase name="enterValidUsername" time="2.501" classname="com.codebind.KeyboardEventsTest">
    <failure type="java.lang.Exception" message="Error message doesn&amp;apos;t have &amp;apos;reset&amp;apos; button">
      <![CDATA[java.lang.Exception: Error message doesn't have 'reset' button
	at com.codebind.KeyboardEventsTest.enterValidUsername(KeyboardEventsTest.java:56)
... Removed 25 stack frames]]>
    </failure>
  </testcase> <!-- enterValidUsername -->
</testsuite> <!-- keyboard_Events -->
